# JRE version: Java(TM) SE Runtime Environment (7.0_45-b18) (build 1.7.0_45-b18)
# Java VM: Java HotSpot(TM) Client VM (24.45-b08 mixed mode windows-x86 )
Heap
 def new generation   total 32576K, used 19249K [0x04490000, 0x067e0000, 0x099e0000)
  eden space 28992K,  66% used [0x04490000, 0x0575c618, 0x060e0000)
  from space 3584K,   0% used [0x060e0000, 0x060e0000, 0x06460000)
  to   space 3584K,   0% used [0x06460000, 0x06460000, 0x067e0000)
 tenured generation   total 72200K, used 43319K [0x099e0000, 0x0e062000, 0x14490000)
   the space 72200K,  59% used [0x099e0000, 0x0c42df80, 0x0c42e000, 0x0e062000)
 compacting perm gen  total 12288K, used 7852K [0x14490000, 0x15090000, 0x18490000)
   the space 12288K,  63% used [0x14490000, 0x14c3b168, 0x14c3b200, 0x15090000)
GC Heap History (10 events):
Event: 2.115 GC heap before
{Heap before GC invocations=4 (full 0):
 def new generation   total 4928K, used 3678K [0x04490000, 0x049e0000, 0x099e0000)
  eden space 4416K,  83% used [0x04490000, 0x04826b10, 0x048e0000)
  from space 512K,   0% used [0x048e0000, 0x048e0de8, 0x04960000)
  to   space 512K,   0% used [0x04960000, 0x04960000, 0x049e0000)
 tenured generation   total 10944K, used 7480K [0x099e0000, 0x0a490000, 0x14490000)
   the space 10944K,  68% used [0x099e0000, 0x0a12e370, 0x0a12e400, 0x0a490000)
 compacting perm gen  total 12288K, used 6881K [0x14490000, 0x15090000, 0x18490000)
   the space 12288K,  56% used [0x14490000, 0x14b48718, 0x14b48800, 0x15090000)
No shared spaces configured.
Event: 2.148 GC heap after
Heap after GC invocations=5 (full 1):
 def new generation   total 6912K, used 0K [0x04490000, 0x04c10000, 0x099e0000)
  eden space 6144K,   0% used [0x04490000, 0x04490000, 0x04a90000)
  from space 768K,   0% used [0x04a90000, 0x04a90000, 0x04b50000)
  to   space 768K,   0% used [0x04b50000, 0x04b50000, 0x04c10000)
 tenured generation   total 15164K, used 9097K [0x099e0000, 0x0a8af000, 0x14490000)
   the space 15164K,  59% used [0x099e0000, 0x0a2c2488, 0x0a2c2600, 0x0a8af000)
 compacting perm gen  total 12288K, used 6881K [0x14490000, 0x15090000, 0x18490000)
   the space 12288K,  56% used [0x14490000, 0x14b48718, 0x14b48800, 0x15090000)
No shared spaces configured.
}
Event: 2.178 GC heap before
{Heap before GC invocations=5 (full 1):
 def new generation   total 6912K, used 5503K [0x04490000, 0x04c10000, 0x099e0000)
  eden space 6144K,  89% used [0x04490000, 0x049efe00, 0x04a90000)
  from space 768K,   0% used [0x04a90000, 0x04a90000, 0x04b50000)
  to   space 768K,   0% used [0x04b50000, 0x04b50000, 0x04c10000)
 tenured generation   total 15164K, used 9097K [0x099e0000, 0x0a8af000, 0x14490000)
   the space 15164K,  59% used [0x099e0000, 0x0a2c2488, 0x0a2c2600, 0x0a8af000)
 compacting perm gen  total 12288K, used 6886K [0x14490000, 0x15090000, 0x18490000)
   the space 12288K,  56% used [0x14490000, 0x14b49bf0, 0x14b49c00, 0x15090000)
No shared spaces configured.
Event: 2.182 GC heap after
Heap after GC invocations=6 (full 1):
 def new generation   total 6912K, used 6K [0x04490000, 0x04c10000, 0x099e0000)
  eden space 6144K,   0% used [0x04490000, 0x04490000, 0x04a90000)
  from space 768K,   0% used [0x04b50000, 0x04b51bb8, 0x04c10000)
  to   space 768K,   0% used [0x04a90000, 0x04a90000, 0x04b50000)
 tenured generation   total 15164K, used 14497K [0x099e0000, 0x0a8af000, 0x14490000)
   the space 15164K,  95% used [0x099e0000, 0x0a8084a8, 0x0a808600, 0x0a8af000)
 compacting perm gen  total 12288K, used 6886K [0x14490000, 0x15090000, 0x18490000)
   the space 12288K,  56% used [0x14490000, 0x14b49bf0, 0x14b49c00, 0x15090000)
No shared spaces configured.
}
Event: 2.239 GC heap before
{Heap before GC invocations=6 (full 1):
 def new generation   total 6912K, used 5468K [0x04490000, 0x04c10000, 0x099e0000)
  eden space 6144K,  88% used [0x04490000, 0x049e5840, 0x04a90000)
  from space 768K,   0% used [0x04b50000, 0x04b51bb8, 0x04c10000)
  to   space 768K,   0% used [0x04a90000, 0x04a90000, 0x04b50000)
 tenured generation   total 15164K, used 14497K [0x099e0000, 0x0a8af000, 0x14490000)
   the space 15164K,  95% used [0x099e0000, 0x0a8084a8, 0x0a808600, 0x0a8af000)
 compacting perm gen  total 12288K, used 6886K [0x14490000, 0x15090000, 0x18490000)
   the space 12288K,  56% used [0x14490000, 0x14b49bf0, 0x14b49c00, 0x15090000)
No shared spaces configured.
Event: 2.272 GC heap after
Heap after GC invocations=7 (full 2):
 def new generation   total 14976K, used 0K [0x04490000, 0x054d0000, 0x099e0000)
  eden space 13312K,   0% used [0x04490000, 0x04490000, 0x05190000)
  from space 1664K,   0% used [0x05190000, 0x05190000, 0x05330000)
  to   space 1664K,   0% used [0x05330000, 0x05330000, 0x054d0000)
 tenured generation   total 33168K, used 19899K [0x099e0000, 0x0ba44000, 0x14490000)
   the space 33168K,  59% used [0x099e0000, 0x0ad4ece0, 0x0ad4ee00, 0x0ba44000)
 compacting perm gen  total 12288K, used 6886K [0x14490000, 0x15090000, 0x18490000)
   the space 12288K,  56% used [0x14490000, 0x14b49bf0, 0x14b49c00, 0x15090000)
No shared spaces configured.
}
Event: 2.442 GC heap before
{Heap before GC invocations=7 (full 2):
 def new generation   total 14976K, used 12792K [0x04490000, 0x054d0000, 0x099e0000)
  eden space 13312K,  96% used [0x04490000, 0x0510e158, 0x05190000)
  from space 1664K,   0% used [0x05190000, 0x05190000, 0x05330000)
  to   space 1664K,   0% used [0x05330000, 0x05330000, 0x054d0000)
 tenured generation   total 33168K, used 19899K [0x099e0000, 0x0ba44000, 0x14490000)
   the space 33168K,  59% used [0x099e0000, 0x0ad4ece0, 0x0ad4ee00, 0x0ba44000)
 compacting perm gen  total 12288K, used 6891K [0x14490000, 0x15090000, 0x18490000)
   the space 12288K,  56% used [0x14490000, 0x14b4ac18, 0x14b4ae00, 0x15090000)
No shared spaces configured.
Event: 2.453 GC heap after
Heap after GC invocations=8 (full 2):
 def new generation   total 14976K, used 1K [0x04490000, 0x054d0000, 0x099e0000)
  eden space 13312K,   0% used [0x04490000, 0x04490000, 0x05190000)
  from space 1664K,   0% used [0x05330000, 0x05330498, 0x054d0000)
  to   space 1664K,   0% used [0x05190000, 0x05190000, 0x05330000)
 tenured generation   total 33168K, used 32499K [0x099e0000, 0x0ba44000, 0x14490000)
   the space 33168K,  97% used [0x099e0000, 0x0b99cd30, 0x0b99ce00, 0x0ba44000)
 compacting perm gen  total 12288K, used 6891K [0x14490000, 0x15090000, 0x18490000)
   the space 12288K,  56% used [0x14490000, 0x14b4ac18, 0x14b4ae00, 0x15090000)
No shared spaces configured.
}
Event: 2.654 GC heap before
{Heap before GC invocations=8 (full 2):
 def new generation   total 14976K, used 10962K [0x04490000, 0x054d0000, 0x099e0000)
  eden space 13312K,  82% used [0x04490000, 0x04f44658, 0x05190000)
  from space 1664K,   0% used [0x05330000, 0x05330498, 0x054d0000)
  to   space 1664K,   0% used [0x05190000, 0x05190000, 0x05330000)
 tenured generation   total 33168K, used 32499K [0x099e0000, 0x0ba44000, 0x14490000)
   the space 33168K,  97% used [0x099e0000, 0x0b99cd30, 0x0b99ce00, 0x0ba44000)
 compacting perm gen  total 12288K, used 6908K [0x14490000, 0x15090000, 0x18490000)
   the space 12288K,  56% used [0x14490000, 0x14b4f3a8, 0x14b4f400, 0x15090000)
No shared spaces configured.
Event: 2.674 GC heap after
Heap after GC invocations=9 (full 3):
 def new generation   total 32576K, used 0K [0x04490000, 0x067e0000, 0x099e0000)
  eden space 28992K,   0% used [0x04490000, 0x04490000, 0x060e0000)
  from space 3584K,   0% used [0x060e0000, 0x060e0000, 0x06460000)
  to   space 3584K,   0% used [0x06460000, 0x06460000, 0x067e0000)
 tenured generation   total 72200K, used 43319K [0x099e0000, 0x0e062000, 0x14490000)
   the space 72200K,  59% used [0x099e0000, 0x0c42df80, 0x0c42e000, 0x0e062000)
 compacting perm gen  total 12288K, used 6908K [0x14490000, 0x15090000, 0x18490000)
   the space 12288K,  56% used [0x14490000, 0x14b4f3a8, 0x14b4f400, 0x15090000)
No shared spaces configured.
}

