# JRE version: Java(TM) SE Runtime Environment (7.0_45-b18) (build 1.7.0_45-b18)
# Java VM: Java HotSpot(TM) Client VM (24.45-b08 mixed mode windows-x86 )
Heap
 def new generation   total 32576K, used 13453K [0x04630000, 0x06980000, 0x09b80000)
  eden space 28992K,  44% used [0x04630000, 0x052b97c8, 0x06280000)
  from space 3584K,  17% used [0x06600000, 0x06699f10, 0x06980000)
  to   space 3584K,   0% used [0x06280000, 0x06280000, 0x06600000)
 tenured generation   total 72204K, used 54120K [0x09b80000, 0x0e203000, 0x14630000)
   the space 72204K,  74% used [0x09b80000, 0x0d05a3e8, 0x0d05a400, 0x0e203000)
 compacting perm gen  total 12288K, used 7853K [0x14630000, 0x15230000, 0x18630000)
   the space 12288K,  63% used [0x14630000, 0x14ddb7a8, 0x14ddb800, 0x15230000)
GC Heap History (10 events):
Event: 2.907 GC heap before
{Heap before GC invocations=5 (full 1):
 def new generation   total 6912K, used 5482K [0x04630000, 0x04db0000, 0x09b80000)
  eden space 6144K,  89% used [0x04630000, 0x04b8ab88, 0x04c30000)
  from space 768K,   0% used [0x04c30000, 0x04c30000, 0x04cf0000)
  to   space 768K,   0% used [0x04cf0000, 0x04cf0000, 0x04db0000)
 tenured generation   total 15164K, used 9097K [0x09b80000, 0x0aa4f000, 0x14630000)
   the space 15164K,  59% used [0x09b80000, 0x0a462480, 0x0a462600, 0x0aa4f000)
 compacting perm gen  total 12288K, used 6887K [0x14630000, 0x15230000, 0x18630000)
   the space 12288K,  56% used [0x14630000, 0x14ce9c18, 0x14ce9e00, 0x15230000)
No shared spaces configured.
Event: 2.911 GC heap after
Heap after GC invocations=6 (full 1):
 def new generation   total 6912K, used 6K [0x04630000, 0x04db0000, 0x09b80000)
  eden space 6144K,   0% used [0x04630000, 0x04630000, 0x04c30000)
  from space 768K,   0% used [0x04cf0000, 0x04cf1bc0, 0x04db0000)
  to   space 768K,   0% used [0x04c30000, 0x04c30000, 0x04cf0000)
 tenured generation   total 15164K, used 14497K [0x09b80000, 0x0aa4f000, 0x14630000)
   the space 15164K,  95% used [0x09b80000, 0x0a9a84a0, 0x0a9a8600, 0x0aa4f000)
 compacting perm gen  total 12288K, used 6887K [0x14630000, 0x15230000, 0x18630000)
   the space 12288K,  56% used [0x14630000, 0x14ce9c18, 0x14ce9e00, 0x15230000)
No shared spaces configured.
}
Event: 3.042 GC heap before
{Heap before GC invocations=6 (full 1):
 def new generation   total 6912K, used 5497K [0x04630000, 0x04db0000, 0x09b80000)
  eden space 6144K,  89% used [0x04630000, 0x04b8ca40, 0x04c30000)
  from space 768K,   0% used [0x04cf0000, 0x04cf1bc0, 0x04db0000)
  to   space 768K,   0% used [0x04c30000, 0x04c30000, 0x04cf0000)
 tenured generation   total 15164K, used 14497K [0x09b80000, 0x0aa4f000, 0x14630000)
   the space 15164K,  95% used [0x09b80000, 0x0a9a84a0, 0x0a9a8600, 0x0aa4f000)
 compacting perm gen  total 12288K, used 6887K [0x14630000, 0x15230000, 0x18630000)
   the space 12288K,  56% used [0x14630000, 0x14ce9c18, 0x14ce9e00, 0x15230000)
No shared spaces configured.
Event: 3.076 GC heap after
Heap after GC invocations=7 (full 2):
 def new generation   total 14976K, used 0K [0x04630000, 0x05670000, 0x09b80000)
  eden space 13312K,   0% used [0x04630000, 0x04630000, 0x05330000)
  from space 1664K,   0% used [0x05330000, 0x05330000, 0x054d0000)
  to   space 1664K,   0% used [0x054d0000, 0x054d0000, 0x05670000)
 tenured generation   total 33168K, used 19899K [0x09b80000, 0x0bbe4000, 0x14630000)
   the space 33168K,  59% used [0x09b80000, 0x0aeeed38, 0x0aeeee00, 0x0bbe4000)
 compacting perm gen  total 12288K, used 6887K [0x14630000, 0x15230000, 0x18630000)
   the space 12288K,  56% used [0x14630000, 0x14ce9c18, 0x14ce9e00, 0x15230000)
No shared spaces configured.
}
Event: 3.438 GC heap before
{Heap before GC invocations=7 (full 2):
 def new generation   total 14976K, used 12832K [0x04630000, 0x05670000, 0x09b80000)
  eden space 13312K,  96% used [0x04630000, 0x052b83e0, 0x05330000)
  from space 1664K,   0% used [0x05330000, 0x05330000, 0x054d0000)
  to   space 1664K,   0% used [0x054d0000, 0x054d0000, 0x05670000)
 tenured generation   total 33168K, used 19899K [0x09b80000, 0x0bbe4000, 0x14630000)
   the space 33168K,  59% used [0x09b80000, 0x0aeeed38, 0x0aeeee00, 0x0bbe4000)
 compacting perm gen  total 12288K, used 6887K [0x14630000, 0x15230000, 0x18630000)
   the space 12288K,  56% used [0x14630000, 0x14ce9d98, 0x14ce9e00, 0x15230000)
No shared spaces configured.
Event: 3.450 GC heap after
Heap after GC invocations=8 (full 2):
 def new generation   total 14976K, used 0K [0x04630000, 0x05670000, 0x09b80000)
  eden space 13312K,   0% used [0x04630000, 0x04630000, 0x05330000)
  from space 1664K,   0% used [0x054d0000, 0x054d00f8, 0x05670000)
  to   space 1664K,   0% used [0x05330000, 0x05330000, 0x054d0000)
 tenured generation   total 33168K, used 32499K [0x09b80000, 0x0bbe4000, 0x14630000)
   the space 33168K,  97% used [0x09b80000, 0x0bb3cd88, 0x0bb3ce00, 0x0bbe4000)
 compacting perm gen  total 12288K, used 6887K [0x14630000, 0x15230000, 0x18630000)
   the space 12288K,  56% used [0x14630000, 0x14ce9d98, 0x14ce9e00, 0x15230000)
No shared spaces configured.
}
Event: 5.287 GC heap before
{Heap before GC invocations=8 (full 2):
 def new generation   total 14976K, used 11063K [0x04630000, 0x05670000, 0x09b80000)
  eden space 13312K,  83% used [0x04630000, 0x050fde10, 0x05330000)
  from space 1664K,   0% used [0x054d0000, 0x054d00f8, 0x05670000)
  to   space 1664K,   0% used [0x05330000, 0x05330000, 0x054d0000)
 tenured generation   total 33168K, used 32499K [0x09b80000, 0x0bbe4000, 0x14630000)
   the space 33168K,  97% used [0x09b80000, 0x0bb3cd88, 0x0bb3ce00, 0x0bbe4000)
 compacting perm gen  total 12288K, used 6910K [0x14630000, 0x15230000, 0x18630000)
   the space 12288K,  56% used [0x14630000, 0x14cef850, 0x14cefa00, 0x15230000)
No shared spaces configured.
Event: 5.307 GC heap after
Heap after GC invocations=9 (full 3):
 def new generation   total 32576K, used 0K [0x04630000, 0x06980000, 0x09b80000)
  eden space 28992K,   0% used [0x04630000, 0x04630000, 0x06280000)
  from space 3584K,   0% used [0x06280000, 0x06280000, 0x06600000)
  to   space 3584K,   0% used [0x06600000, 0x06600000, 0x06980000)
 tenured generation   total 72204K, used 43320K [0x09b80000, 0x0e203000, 0x14630000)
   the space 72204K,  59% used [0x09b80000, 0x0c5ce3b8, 0x0c5ce400, 0x0e203000)
 compacting perm gen  total 12288K, used 6910K [0x14630000, 0x15230000, 0x18630000)
   the space 12288K,  56% used [0x14630000, 0x14cef850, 0x14cefa00, 0x15230000)
No shared spaces configured.
}
Event: 5.572 GC heap before
{Heap before GC invocations=9 (full 3):
 def new generation   total 32576K, used 28992K [0x04630000, 0x06980000, 0x09b80000)
  eden space 28992K, 100% used [0x04630000, 0x06280000, 0x06280000)
  from space 3584K,   0% used [0x06280000, 0x06280000, 0x06600000)
  to   space 3584K,   0% used [0x06600000, 0x06600000, 0x06980000)
 tenured generation   total 72204K, used 43320K [0x09b80000, 0x0e203000, 0x14630000)
   the space 72204K,  59% used [0x09b80000, 0x0c5ce3b8, 0x0c5ce400, 0x0e203000)
 compacting perm gen  total 12288K, used 7842K [0x14630000, 0x15230000, 0x18630000)
   the space 12288K,  63% used [0x14630000, 0x14dd8958, 0x14dd8a00, 0x15230000)
No shared spaces configured.
Event: 5.578 GC heap after
Heap after GC invocations=10 (full 3):
 def new generation   total 32576K, used 615K [0x04630000, 0x06980000, 0x09b80000)
  eden space 28992K,   0% used [0x04630000, 0x04630000, 0x06280000)
  from space 3584K,  17% used [0x06600000, 0x06699f10, 0x06980000)
  to   space 3584K,   0% used [0x06280000, 0x06280000, 0x06600000)
 tenured generation   total 72204K, used 54120K [0x09b80000, 0x0e203000, 0x14630000)
   the space 72204K,  74% used [0x09b80000, 0x0d05a3e8, 0x0d05a400, 0x0e203000)
 compacting perm gen  total 12288K, used 7842K [0x14630000, 0x15230000, 0x18630000)
   the space 12288K,  63% used [0x14630000, 0x14dd8958, 0x14dd8a00, 0x15230000)
No shared spaces configured.
}

